<?xml version="1.0" encoding="UTF-8"?>
<testsuite name="com.example.account.service.AccountServiceTest" tests="1" skipped="0" failures="0" errors="0" timestamp="2022-07-30T12:39:50" hostname="LEE" time="0.395">
  <properties/>
  <testcase name="해지 계좌는 해지할 수 없다.." classname="com.example.account.service.AccountServiceTest" time="0.395"/>
  <system-out><![CDATA[]]></system-out>
  <system-err><![CDATA[]]></system-err>
</testsuite>
